
------------------------------------
  Logging start.  ## CURRENT TIME  : [5/24, 2019   9:32  21.435]  ## COMMAND LINE  : 
cmd /C "gen_csini.exe"
------------------------------------
[STD-IN] : C:\Users\chung.CENTER\Project_TOPPER\Topper\gr_peach\1.9.2_utf8\target\gr_peach_gcc\truestudio\.metadata\.plugins\sst.csgp\bin\env_vars.txt
GUI is waiting for subprocess to be done...
Execution done. EXIT CODE = 0
  Logging finished.  ## CURRENT TIME  : [5/24, 2019   9:32  25.456]
------------------------------------

------------------------------------
  Logging start.  ## CURRENT TIME  : [5/27, 2019   8:19  32.776]  ## COMMAND LINE  : 
cmd /C "gen_csini.exe"
------------------------------------
[STD-IN] : C:\Users\chung.CENTER\Project_TOPPER\Topper\gr_peach\1.9.2_utf8\target\gr_peach_gcc\truestudio\.metadata\.plugins\sst.csgp\bin\env_vars.txt
GUI is waiting for subprocess to be done...
Execution done. EXIT CODE = 0
  Logging finished.  ## CURRENT TIME  : [5/27, 2019   8:19  39.404]
------------------------------------

------------------------------------
  Logging start.  ## CURRENT TIME  : [5/29, 2019   8:22  7.686]  ## COMMAND LINE  : 
cmd /C "gen_csini.exe"
------------------------------------
[STD-IN] : C:\Users\chung.CENTER\Project_TOPPER\Topper\gr_peach\1.9.2_utf8\target\gr_peach_gcc\truestudio\.metadata\.plugins\sst.csgp\bin\env_vars.txt
GUI is waiting for subprocess to be done...
Execution done. EXIT CODE = 0
  Logging finished.  ## CURRENT TIME  : [5/29, 2019   8:22  14.186]
------------------------------------

------------------------------------
  Logging start.  ## CURRENT TIME  : [5/29, 2019   8:35  27.429]  ## COMMAND LINE  : 
cmd /C "gen_csini.exe"
------------------------------------
[STD-IN] : C:\Users\chung.CENTER\Project_TOPPER\Topper\gr_peach\1.9.2_utf8\target\gr_peach_gcc\truestudio\.metadata\.plugins\sst.csgp\bin\env_vars.txt
GUI is waiting for subprocess to be done...
Execution done. EXIT CODE = 0
  Logging finished.  ## CURRENT TIME  : [5/29, 2019   8:35  31.224]
------------------------------------

------------------------------------
  Logging start.  ## CURRENT TIME  : [5/30, 2019   8:38  18.189]  ## COMMAND LINE  : 
cmd /C "gen_csini.exe"
------------------------------------
[STD-IN] : C:\Users\chung.CENTER\Project_TOPPER\Topper\gr_peach\1.9.2_utf8\target\gr_peach_gcc\truestudio\.metadata\.plugins\sst.csgp\bin\env_vars.txt
GUI is waiting for subprocess to be done...
Execution done. EXIT CODE = 0
  Logging finished.  ## CURRENT TIME  : [5/30, 2019   8:38  23.537]
------------------------------------

------------------------------------
  Logging start.  ## CURRENT TIME  : [5/31, 2019   8:27  23.763]  ## COMMAND LINE  : 
cmd /C "gen_csini.exe"
------------------------------------
[STD-IN] : C:\Users\chung.CENTER\Project_TOPPER\Topper\gr_peach\1.9.2_utf8\target\gr_peach_gcc\truestudio\.metadata\.plugins\sst.csgp\bin\env_vars.txt
GUI is waiting for subprocess to be done...
Execution done. EXIT CODE = 0
  Logging finished.  ## CURRENT TIME  : [5/31, 2019   8:27  29.782]
------------------------------------

------------------------------------
  Logging start.  ## CURRENT TIME  : [6/3, 2019   8:39  54.500]  ## COMMAND LINE  : 
cmd /C "gen_csini.exe"
------------------------------------
[STD-IN] : C:\Users\chung.CENTER\Project_TOPPER\Topper\gr_peach\1.9.2_utf8\target\gr_peach_gcc\truestudio\.metadata\.plugins\sst.csgp\bin\env_vars.txt
GUI is waiting for subprocess to be done...
Execution done. EXIT CODE = 0
  Logging finished.  ## CURRENT TIME  : [6/3, 2019   8:39  59.678]
------------------------------------

------------------------------------
  Logging start.  ## CURRENT TIME  : [6/5, 2019   8:25  52.966]  ## COMMAND LINE  : 
cmd /C "gen_csini.exe"
------------------------------------
[STD-IN] : C:\Users\chung.CENTER\Project_TOPPER\Topper\gr_peach\1.9.2_utf8\target\gr_peach_gcc\truestudio\.metadata\.plugins\sst.csgp\bin\env_vars.txt
GUI is waiting for subprocess to be done...
Execution done. EXIT CODE = 0
  Logging finished.  ## CURRENT TIME  : [6/5, 2019   8:25  57.530]
------------------------------------

------------------------------------
  Logging start.  ## CURRENT TIME  : [6/7, 2019   8:16  15.617]  ## COMMAND LINE  : 
cmd /C "gen_csini.exe"
------------------------------------
[STD-IN] : C:\Users\chung.CENTER\Project_TOPPER\Topper\gr_peach\1.9.2_utf8\target\gr_peach_gcc\truestudio\.metadata\.plugins\sst.csgp\bin\env_vars.txt
GUI is waiting for subprocess to be done...
Execution done. EXIT CODE = 0
  Logging finished.  ## CURRENT TIME  : [6/7, 2019   8:16  20.404]
------------------------------------

------------------------------------
  Logging start.  ## CURRENT TIME  : [6/10, 2019   8:22  54.183]  ## COMMAND LINE  : 
cmd /C "gen_csini.exe"
------------------------------------
[STD-IN] : C:\Users\chung.CENTER\Project_TOPPER\Topper\gr_peach\1.9.2_utf8\target\gr_peach_gcc\truestudio\.metadata\.plugins\sst.csgp\bin\env_vars.txt
GUI is waiting for subprocess to be done...
Execution done. EXIT CODE = 0
  Logging finished.  ## CURRENT TIME  : [6/10, 2019   8:22  59.296]
------------------------------------

------------------------------------
  Logging start.  ## CURRENT TIME  : [6/11, 2019   8:11  12.266]  ## COMMAND LINE  : 
cmd /C "gen_csini.exe"
------------------------------------
[STD-IN] : C:\Users\chung.CENTER\Project_TOPPER\Topper\gr_peach\1.9.2_utf8\target\gr_peach_gcc\truestudio\.metadata\.plugins\sst.csgp\bin\env_vars.txt
GUI is waiting for subprocess to be done...
Execution done. EXIT CODE = 0
  Logging finished.  ## CURRENT TIME  : [6/11, 2019   8:11  16.227]
------------------------------------

------------------------------------
  Logging start.  ## CURRENT TIME  : [6/11, 2019   13:26  41.587]  ## COMMAND LINE  : 
cmd /C "gen_csini.exe"
------------------------------------
[STD-IN] : C:\Users\chung.CENTER\Project_TOPPER\Topper\gr_peach\1.9.2_utf8\target\gr_peach_gcc\truestudio\.metadata\.plugins\sst.csgp\bin\env_vars.txt
GUI is waiting for subprocess to be done...
Execution done. EXIT CODE = 0
  Logging finished.  ## CURRENT TIME  : [6/11, 2019   13:26  45.696]
------------------------------------

------------------------------------
  Logging start.  ## CURRENT TIME  : [6/12, 2019   8:9  5.743]  ## COMMAND LINE  : 
cmd /C "gen_csini.exe"
------------------------------------
[STD-IN] : C:\Users\chung.CENTER\Project_TOPPER\Topper\gr_peach\1.9.2_utf8\target\gr_peach_gcc\truestudio\.metadata\.plugins\sst.csgp\bin\env_vars.txt
GUI is waiting for subprocess to be done...
Execution done. EXIT CODE = 0
  Logging finished.  ## CURRENT TIME  : [6/12, 2019   8:9  9.779]
------------------------------------

------------------------------------
  Logging start.  ## CURRENT TIME  : [6/13, 2019   8:27  22.437]  ## COMMAND LINE  : 
cmd /C "gen_csini.exe"
------------------------------------
[STD-IN] : C:\Users\chung.CENTER\Project_TOPPER\Topper\gr_peach\1.9.2_utf8\target\gr_peach_gcc\truestudio\.metadata\.plugins\sst.csgp\bin\env_vars.txt
GUI is waiting for subprocess to be done...
Execution done. EXIT CODE = 0
  Logging finished.  ## CURRENT TIME  : [6/13, 2019   8:27  27.787]
------------------------------------

------------------------------------
  Logging start.  ## CURRENT TIME  : [6/14, 2019   8:13  32.376]  ## COMMAND LINE  : 
cmd /C "gen_csini.exe"
------------------------------------
[STD-IN] : C:\Users\chung.CENTER\Project_TOPPER\Topper\gr_peach\1.9.2_utf8\target\gr_peach_gcc\truestudio\.metadata\.plugins\sst.csgp\bin\env_vars.txt
GUI is waiting for subprocess to be done...
Execution done. EXIT CODE = 0
  Logging finished.  ## CURRENT TIME  : [6/14, 2019   8:13  37.504]
------------------------------------

------------------------------------
  Logging start.  ## CURRENT TIME  : [6/14, 2019   15:30  52.523]  ## COMMAND LINE  : 
cmd /C "gen_csini.exe"
------------------------------------
[STD-IN] : C:\Users\chung.CENTER\Project_TOPPER\Topper\gr_peach\1.9.2_utf8\target\gr_peach_gcc\truestudio\.metadata\.plugins\sst.csgp\bin\env_vars.txt
GUI is waiting for subprocess to be done...
Execution done. EXIT CODE = 0
  Logging finished.  ## CURRENT TIME  : [6/14, 2019   15:30  57.789]
------------------------------------

------------------------------------
  Logging start.  ## CURRENT TIME  : [6/17, 2019   7:49  11.627]  ## COMMAND LINE  : 
cmd /C "gen_csini.exe"
------------------------------------
[STD-IN] : C:\Users\chung.CENTER\Project_TOPPER\Topper\gr_peach\1.9.2_utf8\target\gr_peach_gcc\truestudio\.metadata\.plugins\sst.csgp\bin\env_vars.txt
GUI is waiting for subprocess to be done...
Execution done. EXIT CODE = 0
  Logging finished.  ## CURRENT TIME  : [6/17, 2019   7:49  16.847]
------------------------------------

------------------------------------
  Logging start.  ## CURRENT TIME  : [6/18, 2019   8:19  6.928]  ## COMMAND LINE  : 
cmd /C "gen_csini.exe"
------------------------------------
[STD-IN] : C:\Users\chung.CENTER\Project_TOPPER\Topper\gr_peach\1.9.2_utf8\target\gr_peach_gcc\truestudio\.metadata\.plugins\sst.csgp\bin\env_vars.txt
GUI is waiting for subprocess to be done...
Execution done. EXIT CODE = 0
  Logging finished.  ## CURRENT TIME  : [6/18, 2019   8:19  12.162]
------------------------------------

------------------------------------
  Logging start.  ## CURRENT TIME  : [6/18, 2019   16:27  45.341]  ## COMMAND LINE  : 
cmd /C "gen_csini.exe"
------------------------------------
[STD-IN] : C:\Users\chung.CENTER\Project_TOPPER\Topper\gr_peach\1.9.2_utf8\target\gr_peach_gcc\truestudio\.metadata\.plugins\sst.csgp\bin\env_vars.txt
GUI is waiting for subprocess to be done...
Execution done. EXIT CODE = 0
  Logging finished.  ## CURRENT TIME  : [6/18, 2019   16:27  50.580]
------------------------------------

------------------------------------
  Logging start.  ## CURRENT TIME  : [6/18, 2019   16:30  35.711]  ## COMMAND LINE  : 
cmd /C "gen_csini.exe"
------------------------------------
[STD-IN] : C:\Users\chung.CENTER\Project_TOPPER\Topper\gr_peach\1.9.2_utf8\target\gr_peach_gcc\truestudio\.metadata\.plugins\sst.csgp\bin\env_vars.txt
GUI is waiting for subprocess to be done...
Execution done. EXIT CODE = 0
  Logging finished.  ## CURRENT TIME  : [6/18, 2019   16:30  39.562]
------------------------------------

------------------------------------
  Logging start.  ## CURRENT TIME  : [6/18, 2019   16:33  13.105]  ## COMMAND LINE  : 
cmd /C "gen_csini.exe"
------------------------------------
[STD-IN] : C:\Users\chung.CENTER\Project_TOPPER\Topper\gr_peach\1.9.2_utf8\target\gr_peach_gcc\truestudio\.metadata\.plugins\sst.csgp\bin\env_vars.txt
GUI is waiting for subprocess to be done...
Execution done. EXIT CODE = 0
  Logging finished.  ## CURRENT TIME  : [6/18, 2019   16:33  17.465]
------------------------------------

------------------------------------
  Logging start.  ## CURRENT TIME  : [6/18, 2019   16:37  46.558]  ## COMMAND LINE  : 
cmd /C "gen_csini.exe"
------------------------------------
[STD-IN] : C:\Users\chung.CENTER\Project_TOPPER\Topper\gr_peach\1.9.2_utf8\target\gr_peach_gcc\truestudio\.metadata\.plugins\sst.csgp\bin\env_vars.txt
GUI is waiting for subprocess to be done...
Execution done. EXIT CODE = 0
  Logging finished.  ## CURRENT TIME  : [6/18, 2019   16:37  50.877]
------------------------------------

------------------------------------
  Logging start.  ## CURRENT TIME  : [6/19, 2019   7:2  57.183]  ## COMMAND LINE  : 
cmd /C "gen_csini.exe"
------------------------------------
[STD-IN] : C:\Users\chung.CENTER\Project_TOPPER\Topper\gr_peach\1.9.2_utf8\target\gr_peach_gcc\truestudio\.metadata\.plugins\sst.csgp\bin\env_vars.txt
GUI is waiting for subprocess to be done...
Execution done. EXIT CODE = 0
  Logging finished.  ## CURRENT TIME  : [6/19, 2019   7:3  2.682]
------------------------------------

------------------------------------
  Logging start.  ## CURRENT TIME  : [6/20, 2019   8:17  45.329]  ## COMMAND LINE  : 
cmd /C "gen_csini.exe"
------------------------------------
[STD-IN] : C:\Users\chung.CENTER\Project_TOPPER\Topper\gr_peach\1.9.2_utf8\target\gr_peach_gcc\truestudio\.metadata\.plugins\sst.csgp\bin\env_vars.txt
GUI is waiting for subprocess to be done...
Execution done. EXIT CODE = 0
  Logging finished.  ## CURRENT TIME  : [6/20, 2019   8:17  51.301]
------------------------------------
