
------------------------------------
  Logging start.  ## CURRENT TIME  : [6/28, 2019   8:20  16.283]  ## COMMAND LINE  : 
cmd /C "gen_csini.exe"
------------------------------------
[STD-IN] : C:\Users\chung.CENTER\Project_CHUNG\Topper_RTOS\workspace_Topper_RTOS\.metadata\.plugins\sst.csgp\bin\env_vars.txt
GUI is waiting for subprocess to be done...
Execution done. EXIT CODE = 0
  Logging finished.  ## CURRENT TIME  : [6/28, 2019   8:20  22.388]
------------------------------------

------------------------------------
  Logging start.  ## CURRENT TIME  : [7/1, 2019   8:23  37.680]  ## COMMAND LINE  : 
cmd /C "gen_csini.exe"
------------------------------------
[STD-IN] : C:\Users\chung.CENTER\Project_CHUNG\Topper_RTOS\workspace_Topper_RTOS\.metadata\.plugins\sst.csgp\bin\env_vars.txt
GUI is waiting for subprocess to be done...
Execution done. EXIT CODE = 0
  Logging finished.  ## CURRENT TIME  : [7/1, 2019   8:23  42.791]
------------------------------------

------------------------------------
  Logging start.  ## CURRENT TIME  : [7/1, 2019   9:27  27.299]  ## COMMAND LINE  : 
cmd /C "gen_csini.exe"
------------------------------------
[STD-IN] : C:\Users\chung.CENTER\Project_CHUNG\Topper_RTOS\workspace_Topper_RTOS\.metadata\.plugins\sst.csgp\bin\env_vars.txt
GUI is waiting for subprocess to be done...
Execution done. EXIT CODE = 0
  Logging finished.  ## CURRENT TIME  : [7/1, 2019   9:27  32.255]
------------------------------------

------------------------------------
  Logging start.  ## CURRENT TIME  : [7/3, 2019   7:50  23.925]  ## COMMAND LINE  : 
cmd /C "gen_csini.exe"
------------------------------------
[STD-IN] : C:\Users\chung.CENTER\Project_CHUNG\Topper_RTOS\workspace_Topper_RTOS\.metadata\.plugins\sst.csgp\bin\env_vars.txt
GUI is waiting for subprocess to be done...
Execution done. EXIT CODE = 0
  Logging finished.  ## CURRENT TIME  : [7/3, 2019   7:50  27.791]
------------------------------------

------------------------------------
  Logging start.  ## CURRENT TIME  : [7/4, 2019   7:50  39.252]  ## COMMAND LINE  : 
cmd /C "gen_csini.exe"
------------------------------------
[STD-IN] : C:\Users\chung.CENTER\Project_CHUNG\Topper_RTOS\workspace_Topper_RTOS\.metadata\.plugins\sst.csgp\bin\env_vars.txt
GUI is waiting for subprocess to be done...
Execution done. EXIT CODE = 0
  Logging finished.  ## CURRENT TIME  : [7/4, 2019   7:50  43.972]
------------------------------------
